<?xml version="1.0" encoding="UTF-8"?>
<!-- Generated by org.testng.reporters.JUnitReportReporter -->
<testsuite hostname="MohamedAli" failures="0" tests="1" name="com.RunnerTestFramework.Runner" time="9.796" errors="0" timestamp="2023-07-03T11:26:13 CEST" skipped="0">
  <testcase classname="com.RunnerTestFramework.Runner" name="runScenario" time="9.796"/>
  <system-out/>
</testsuite> <!-- com.RunnerTestFramework.Runner -->
