<?xml version="1.0" encoding="UTF-8"?>
<!-- Generated by org.testng.reporters.JUnitReportReporter -->
<testsuite hostname="MohamedAli" failures="0" tests="1" name="com.RunnerTestFramework.Runner" time="85.916" errors="0" timestamp="2023-06-27T09:35:04 CEST" skipped="0">
  <testcase classname="com.RunnerTestFramework.Runner" name="runScenario" time="85.916"/>
  <system-out/>
</testsuite> <!-- com.RunnerTestFramework.Runner -->
