<?xml version="1.0" encoding="UTF-8"?>
<!-- Generated by org.testng.reporters.JUnitReportReporter -->
<testsuite hostname="MohamedAli" failures="0" tests="1" name="com.openCart_TestFrameworkSteps.Runner" time="21.871" errors="0" timestamp="2023-06-21T12:08:31 CEST" skipped="0">
  <testcase classname="com.openCart_TestFrameworkSteps.Runner" name="runScenario" time="21.871"/>
  <system-out/>
</testsuite> <!-- com.openCart_TestFrameworkSteps.Runner -->
